Arguments: 
  /Users/joengstr/.nvm/versions/node/v10.17.0/bin/node /usr/local/bin/yarn init

PATH: 
  /Users/joengstr/.poetry/bin:/Users/joengstr/.nvm/versions/node/v10.17.0/bin:/usr/local/opt/bzip2/bin:/Users/joengstr/.poetry/bin:/Users/joengstr/Library/Android/sdk/platform-tools:/Library/Frameworks/Python.framework/Versions/3.9/bin:/usr/local/bin:/usr/bin:/bin:/usr/sbin:/sbin:/Users/joengstr/.poetry/bin:/Users/joengstr/.nvm/versions/node/v10.17.0/bin:/usr/local/opt/bzip2/bin:/Users/joengstr/Library/Android/sdk/platform-tools:/Library/Frameworks/Python.framework/Versions/3.9/bin

Yarn version: 
  1.19.1

Node version: 
  10.17.0

Platform: 
  darwin x64

Trace: 
  Error: canceled
      at Interface.<anonymous> (/usr/local/lib/node_modules/yarn/lib/cli.js:136824:13)
      at Interface.emit (events.js:198:13)
      at Interface._ttyWrite (readline.js:801:16)
      at ReadStream.onkeypress (readline.js:184:10)
      at ReadStream.emit (events.js:198:13)
      at emitKeys (internal/readline.js:424:14)
      at emitKeys.next (<anonymous>)
      at ReadStream.onData (readline.js:1073:36)
      at ReadStream.emit (events.js:198:13)
      at addChunk (_stream_readable.js:287:12)

npm manifest: 
  No manifest

yarn manifest: 
  No manifest

Lockfile: 
  No lockfile
